INFO:root:camera_params: (5, 11)
INFO:root:points: (16, 3)
INFO:root:gt_pixels: (80, 2)
INFO:root:gt pixels mean and sigma: 433.0432, 257.6924
INFO:root:pixel noise scale: 0.1
INFO:root:mean error between gt and noisy: 1.2217
INFO:root:initial_params: (103,)
INFO:root:initial camera params: [[1201.3825292960996, 610.8856198399866, 539.7012436686085, -0.1983883659388421, 0.09895782469366272, 1.9993624976948488, -0.6718484594729298, 0.6296195023388269, -0.41985091990507983, 0.05969436430071257, 6.369220323522849], [905.7064114244711, 697.0219080153327, 298.5011827307153, -0.19773088688453055, 0.10401544299518643, 2.0041159102081942, 0.6451028106195628, -0.6724867319957447, 0.42582965865182487, 0.04703432905701081, 6.385119473773043], [1065.1125780906682, 553.6362713752554, 546.3278853033191, -0.1998213495835009, 0.10772801478170113, 0.7520451966710638, 2.3633978881708964, -0.77613239570672, -0.728063989354535, -2.0142827045377985, 6.036582764211678], [1301.256042528551, -44.5238843906111, 754.6331451340352, -0.19601174481052047, 0.11509864463947246, 0.7599100064762139, -2.3431249950522814, 0.8007124903080236, 0.746398807979489, -2.0209242489043944, 6.0276743487187225], [828.2973126995513, 576.9992302473795, 352.37921677997605, -0.21309744490997592, 0.10612518211411472, -3.1315666990340625, 0.008706875758659362, -0.003763886486185147, 0.008005975883533393, 0.01245054150333647, 5.0057698865010245]]
INFO:root:initial points: [[-1.9816417184144384, -1.9632882313102809, -0.0921295318270546], [-0.5937764868627115, -1.9531176138170931, 0.1911501015046675], [0.660517215786795, -1.9501863102562318, 0.16416394222504763], [1.8560343403162076, -2.1260527970234633, -0.14735888759928667], [-2.1317922339301023, -0.614917097125466, 0.20104321474121947], [-0.7694879545149337, -0.711360290426456, -0.016469920351765716], [0.6680273673960395, -0.7561127033520476, 0.14009695415409332], [1.983408734057987, -0.7806973733665881, -0.2535474362052778], [-2.1960493998694415, 0.5241386900067044, 0.0005238978734679369], [-0.7629111325110141, 0.7720431067192484, 0.02461216935690451], [0.6297164076159076, 0.6354091029106012, 0.04496979061274429], [2.0439767219207874, 0.6909764226498716, 0.09888876951042223], [-2.0325079409199063, 2.048505857828329, 0.17299439309242565], [-0.5856679441837795, 2.018655487710227, 0.036801576808092984], [0.5027090430521353, 1.9088263875271108, -0.0593370224102035], [2.0636136822152547, 1.984077808129552, 0.04060916207595729]]
INFO:root:opted camera params: [[1051.9108444206674, 491.7971276958956, 513.037463702689, -0.12568527325632337, -0.42709595300150355, 2.0236452983213993, -0.6948264131794569, 0.6247522667299191, -0.4538400580072374, -0.07485495192027762, 6.854670126958082], [990.8898773011206, 511.13436234331954, 404.2979697700479, -0.11835722160956734, -0.0411877097079003, 1.907554003654347, 0.5705068525205162, -0.685231488673264, 0.48268392709129654, 0.6282164873991714, 6.42367329661503], [939.2317714488081, 504.2343393833882, 484.2854264742447, -0.21524174895963955, 0.18127825915232001, 0.7568619462227536, 2.3167405207081035, -0.7666835965961603, -0.6995917269036959, -1.7768613822851889, 5.6170146619218295], [1188.67008194086, 41.686240400319484, 710.5205311770553, -0.2747509833329612, 0.0636012999442867, 0.985669168309018, -2.176410074303086, 0.6365473869209644, 3.3655110022127745, -2.693467284573633, 6.375449811992126], [826.967881701263, 495.4645973648068, 437.14893002155117, -0.13168035734015787, 0.04297018738407305, -3.156910121764105, 0.04261808252087608, 0.09199580444037443, 0.05241128485963751, 0.1490955065261831, 4.128567942163243]]
INFO:root:opted points: [[-2.0730596531196213, -2.1200011346766376, 0.09646243860757497], [-0.7254670014854588, -2.142427749500944, 0.06177282836190501], [0.597974673574392, -2.15797116943718, 0.02725493189055519], [1.8844918818741536, -2.1732499101261133, -0.009907123173788206], [-2.0628241584420386, -0.7833649565016624, 0.09271811817365948], [-0.7039092816178313, -0.8133120489681651, 0.05609644401850111], [0.6187712957258802, -0.8417389503446886, 0.01954116857732993], [1.9094158539857427, -0.8697106864661027, -0.012730278814332774], [-2.043196360938563, 0.5619493292279069, 0.08219910816344282], [-0.6813357898788748, 0.5245077421243672, 0.05895376060574849], [0.6350778438522166, 0.48220515387225626, 0.023761349592754603], [1.9255541395093136, 0.44214624508764333, -0.011013219591589681], [-2.025835015384454, 1.9217590049514697, 0.05927597641296559], [-0.6602038930330418, 1.8623676020047788, 0.055129473601280704], [0.6526066616222265, 1.802755863400831, 0.02712993719633902], [1.9450821642007272, 1.7536101773569381, -0.007535697750088203]]
INFO:root:mean error between gt and opted: 20.9009
INFO:root:Cost function value: 194.3636
INFO:root:ground truth camera_params shape: (5, 11)
INFO:root:ground truth camera 1 params: [1000.0, 500.0, 500.0, -0.2, 0.1, 1.9968086871866082, -0.6609323774963193, 0.6609323774963193, -0.412574703796765, 0.05828353080215454, 6.389552812507635]
INFO:root:ground truth camera 2 params: [1000.0, 500.0, 500.0, -0.2, 0.1, 1.9968086871866082, 0.6609323774963193, -0.6609323774963193, 0.412574703796765, 0.05828353080215454, 6.389552812507635]
INFO:root:ground truth camera 3 params: [1000.0, 500.0, 500.0, -0.2, 0.1, 0.7400387408742135, 2.3483894223336255, -0.7827964741112086, -0.7420213479118222, -2.0160044147423886, 6.03200882948478]
INFO:root:ground truth camera 4 params: [1000.0, 500.0, 500.0, -0.2, 0.1, 0.7400387408742135, -2.3483894223336255, 0.7827964741112086, 0.7420213479118222, -2.0160044147423886, 6.03200882948478]
INFO:root:ground truth camera 5 params: [1000.0, 500.0, 500.0, -0.2, 0.1, -3.141592653589793, -0.0, -0.0, 0.0, -6.123233995736766e-16, 5.0]
INFO:root:points: (16, 3)
INFO:root:gt_pixels: (80, 2)
INFO:root:gt pixels mean and sigma: 433.0432, 257.6924
INFO:root:pixel noise scale: 0.1
INFO:root:mean error between gt and noisy: 1.2346
INFO:root:ground truth camera 1 params: [943.4496205049019, 406.9402683470792, 570.9379964748643, -0.20481757004674547, 0.1043169616804045, 1.9988875808337725, -0.6684106569885474, 0.6594802214053525, -0.41149142965042335, 0.06262826043549083, 6.39933792178771]
INFO:root:ground truth camera 2 params: [1156.7118168623329, 595.0120721939069, 417.3763248286542, -0.19764108364533664, 0.09659334914800066, 1.9997361628649952, 0.668782471038323, -0.6594348048885612, 0.42600871110105104, 0.06643937661416209, 6.3990828854099036]
INFO:root:ground truth camera 3 params: [904.1038523296688, 396.1091452531437, 648.2487309174837, -0.20273959119287563, 0.10490767487262304, 0.7443094058727184, 2.328863701709599, -0.7771312766532569, -0.7377713071579819, -2.016657119145122, 6.0393903706787535]
INFO:root:ground truth camera 4 params: [822.5168419924069, 202.5983192714117, 441.36055202431737, -0.21744033022904324, 0.07734285983415158, 0.7378735782419977, -2.3590950899668126, 0.7890980791201024, 0.7337790634550992, -2.010858533978468, 6.049280064039582]
INFO:root:ground truth camera 5 params: [1057.5594683672794, 391.8147591232902, 629.7459639324668, -0.20027297725165785, 0.06787822922949001, -3.148093031902204, 0.001304895192379518, 0.008053288276840936, -0.01786491844787911, -0.001264662651303148, 4.995575432493681]
INFO:root:initial points: [[-1.8546456151352009, -2.013125367457479, 0.10385154505609595], [-0.6025017647261995, -1.9833383169404788, -0.03950266627133625], [0.6831264989762476, -1.943518965319584, -0.1496205970511751], [1.9708732364367707, -1.9252188216728072, 0.03709487969432182], [-2.0688748705931923, -0.6506984695640904, 0.058577132482050244], [-0.4588260920240518, -0.6180521474428176, 0.08387463503172894], [0.43974097012585955, -0.5889387287229669, -0.10323488515322646], [2.159402736377673, -0.8286836831939335, -0.06844708463385198], [-1.9816740572481928, 0.7295041070085897, -0.0809143286300073], [-0.6358351793562395, 0.6614891464820093, 0.08690812616848026], [0.652013366150481, 0.7410388763202985, 0.08625192359860204], [2.054782874644502, 0.7202895284222541, -0.07405598201839732], [-1.9955605575115216, 1.9224206691623986, 0.0001265507907875906], [-0.8214825565140591, 2.025835411284441, -0.07546651040632966], [0.8388677469562452, 1.9917195653439876, -0.10242980480961413], [2.023787721868411, 2.0161633765989873, 0.025840923871508242]]
INFO:root:opted camera params: [[926.2933825949767, 473.85277736435006, 561.3063064895359, -0.16862834891287976, 0.045977638952001736, 2.08450815927107, -0.6854712919804739, 0.6211743521012123, -0.23855966640360615, -0.3690820698531308, 6.091884192394946], [1041.9154045175208, 587.3260933557756, 383.7939460536811, -0.21112224624516224, 0.050716781288940464, 1.9326295466092718, 0.5345348785426753, -0.6445067817836634, -0.050740258370489365, 0.8197113616205282, 6.769662617883271], [935.494197836447, 392.7647830875476, 687.3866368111782, -0.12394956913825264, -0.001858774311401445, 0.7485303495555277, 2.4977497821478973, -0.6826424158787425, -0.08245508931934747, -3.012442577739352, 5.523335028109358], [1031.8113154192122, 268.2269822270595, 492.34016363646936, -0.23642009925793675, 0.07251131798605297, 0.8699424285381514, -2.175535315621142, 0.7452880302680283, 2.1068969299489932, -1.8541937850047467, 6.072118064220719], [1057.0520958800498, 385.5880959845557, 525.5125187873726, -0.20554492890350273, 0.06786118141351041, -3.132236692943692, -0.019003602380160706, 0.04985944836964048, 0.6457245887354381, -0.1777387627059331, 5.30297229573164]]
INFO:root:opted points: [[-2.064099918744702, -1.9996280055573494, 0.07574334452067646], [-0.7303554537362663, -2.026546084526504, 0.050218745447738515], [0.6282825467065104, -2.056480089716849, 0.023263147302922265], [2.016040717164133, -2.0915528914226824, -0.004969117178924143], [-2.0809263943834986, -0.6930821382031596, 0.06308780436009052], [-0.7385672653277311, -0.7098884049123975, 0.03816452199062874], [0.6223234952273143, -0.729029437013596, 0.011170220392894266], [2.004446715713015, -0.7478554776574465, -0.017208602683078805], [-2.095168686356029, 0.6200788066605146, 0.049660990176971065], [-0.7505051249067785, 0.6151217608219862, 0.025082318231241376], [0.6122903634216122, 0.6075297853091547, -0.0033284763119887546], [1.9987225130666293, 0.5992113988232017, -0.03163491986301473], [-2.1126121623917617, 1.9409930741606698, 0.03195321487346964], [-0.7655791420593019, 1.9482693220356875, 0.007704044592829106], [0.5999184938050754, 1.9552171541213161, -0.02227550273250578], [1.994933802740241, 1.9587254300272854, -0.05236443413254022]]
INFO:root:mean error between gt and opted: 3.9474
INFO:root:Cost function value: 7.7910
INFO:root:ground truth camera_params shape: (5, 11)
INFO:root:ground truth camera 1 params: [1000.0, 500.0, 500.0, -0.2, 0.1, 1.9968086871866082, -0.6609323774963193, 0.6609323774963193, -0.412574703796765, 0.05828353080215454, 6.389552812507635]
INFO:root:ground truth camera 2 params: [1000.0, 500.0, 500.0, -0.2, 0.1, 1.9968086871866082, 0.6609323774963193, -0.6609323774963193, 0.412574703796765, 0.05828353080215454, 6.389552812507635]
INFO:root:ground truth camera 3 params: [1000.0, 500.0, 500.0, -0.2, 0.1, 0.7400387408742135, 2.3483894223336255, -0.7827964741112086, -0.7420213479118222, -2.0160044147423886, 6.03200882948478]
INFO:root:ground truth camera 4 params: [1000.0, 500.0, 500.0, -0.2, 0.1, 0.7400387408742135, -2.3483894223336255, 0.7827964741112086, 0.7420213479118222, -2.0160044147423886, 6.03200882948478]
INFO:root:ground truth camera 5 params: [1000.0, 500.0, 500.0, -0.2, 0.1, -3.141592653589793, -0.0, -0.0, 0.0, -6.123233995736766e-16, 5.0]
INFO:root:points: (16, 3)
INFO:root:gt_pixels: (80, 2)
INFO:root:gt pixels mean and sigma: 433.0432, 257.6924
INFO:root:pixel noise scale: 0.1
INFO:root:mean error between gt and noisy: 1.3241
INFO:root:ground truth camera 1 params: [1190.0914087735193, 320.3029323826908, 528.5637839858813, -0.21848439047518184, 0.10096601210604259, 1.9804237317312232, -0.6680578466828461, 0.6594969216805547, -0.4036287604016298, 0.06045537541175581, 6.391507285758183]
INFO:root:ground truth camera 2 params: [706.0033113426996, 600.5658869399708, 346.7865834557009, -0.19248963839970004, 0.1178293591543213, 2.0003218813018835, 0.6591977511654812, -0.6591594063379059, 0.40882419837607864, 0.045021433732847074, 6.390263178516335]
INFO:root:ground truth camera 3 params: [990.4784695722531, 901.3927957126579, 283.98430956187826, -0.2026431231582781, 0.11650146429440371, 0.7453624775224704, 2.348078473237884, -0.7867681824419022, -0.7604134326489289, -2.0070336008130796, 6.022152410357348]
INFO:root:ground truth camera 4 params: [1188.8826622069118, 396.9174170342243, 100.88190421774237, -0.19595804364878344, 0.09466703585401767, 0.7438248250567636, -2.3606362059054153, 0.7839420149971357, 0.7218283989613894, -2.0234041696886154, 6.023599047139279]
INFO:root:ground truth camera 5 params: [993.6943883845885, 588.3742277802091, 675.703146621736, -0.20172434151975507, 0.078123267888483, -3.1360616318615455, 0.003407149932677246, 0.0009437025262822167, 0.0032765609825836086, 0.00870450678913573, 4.987765113083311]
INFO:root:initial points: [[-1.9488783976961401, -1.9960820244865074, 0.00958623787696421], [-0.4309529376067064, -2.068062616412045, -0.17644486359099387], [0.5969354649777873, -2.013031061824118, -0.10929328890271604], [1.8195549203334278, -2.0012401637533137, 0.03218075094328993], [-2.0545250136564097, -0.6939324964280567, -0.13418094577902237], [-0.7644968701260915, -0.5969282490308944, -0.07897746573050202], [0.7979133150404195, -0.7839983056899631, -0.023894589849299822], [2.0468686081775758, -0.8639256535703072, 0.008737909594116194], [-1.9916148823916284, 0.7926507323369897, -0.07342099548929759], [-0.5532544814122378, 0.565566187496527, 0.09602375601401991], [0.7462476121957384, 0.7977917163357555, 0.14227287611194941], [1.9600000854204889, 0.4439521599340769, -0.06508577840738533], [-1.8764749103125762, 1.957460603853608, -0.008364118771469392], [-0.6425817991442859, 2.0194335053822754, -0.017123416696510664], [0.6137148386263723, 1.9746244257199348, 0.15947638660374958], [2.0531369727032116, 1.8980139795113535, 0.15318365778474122]]
INFO:root:opted camera 1 params: [1059.2077041339005, 333.23081045211575, 454.4926898178403, -0.1980391525006268, 0.04400617688983777, 1.9378901774411088, -0.5349805601272312, 0.5664282710554024, 0.47815723798048737, 0.26849668895339013, 6.59308022422381]
INFO:root:opted camera 2 params: [904.0241936556536, 508.0048336621179, 532.0192566647286, -0.15816934765439586, 0.05960399037908974, 2.0154088762291837, 0.6773687820523066, -0.5987740124385877, 0.3413101378268322, -0.27229857300918575, 5.950022559923205]
INFO:root:opted camera 3 params: [971.1023633873458, 630.8331121708214, 348.57232523849115, -0.19207103696986552, 0.0774094668306032, 0.7714585148855715, 2.181864679274075, -0.7515412086820871, -1.4388625815746563, -1.1555985263768067, 6.175333909185722]
INFO:root:opted camera 4 params: [1174.5782795513796, 346.8467468547716, 503.4275277758213, -0.2601756540810303, 0.11888275575429234, 0.7271179406479807, -2.233668597124525, 0.7714510993104379, 1.673084289883005, -1.9270396976407875, 6.863542898935132]
INFO:root:opted camera 5 params: [984.7454790325398, 507.16857014237667, 503.41236262768524, -0.1908171828674892, 0.0906147813601056, -3.208304306161777, 0.03267004131355317, 0.033686437701693876, -0.16660791017447338, -0.13599080847120934, 4.919999156358443]
INFO:root:ground truth camera 1 params: [1000.0, 500.0, 500.0, -0.2, 0.1, 1.9968086871866082, -0.6609323774963193, 0.6609323774963193, -0.412574703796765, 0.05828353080215454, 6.389552812507635]
INFO:root:ground truth camera 2 params: [1000.0, 500.0, 500.0, -0.2, 0.1, 1.9968086871866082, 0.6609323774963193, -0.6609323774963193, 0.412574703796765, 0.05828353080215454, 6.389552812507635]
INFO:root:ground truth camera 3 params: [1000.0, 500.0, 500.0, -0.2, 0.1, 0.7400387408742135, 2.3483894223336255, -0.7827964741112086, -0.7420213479118222, -2.0160044147423886, 6.03200882948478]
INFO:root:ground truth camera 4 params: [1000.0, 500.0, 500.0, -0.2, 0.1, 0.7400387408742135, -2.3483894223336255, 0.7827964741112086, 0.7420213479118222, -2.0160044147423886, 6.03200882948478]
INFO:root:ground truth camera 5 params: [1000.0, 500.0, 500.0, -0.2, 0.1, -3.141592653589793, -0.0, -0.0, 0.0, -6.123233995736766e-16, 5.0]
INFO:root:gt_pixels: (80, 2)
INFO:root:gt pixels mean and sigma: 433.0432, 257.6924
INFO:root:mean error between gt and noisy: 1.1884
INFO:root:noisy truth camera 1 params: [1230.8370180176269, 698.331276941308, 231.69887110588854, -0.20868109056628312, 0.11528122667087665, 2.008108053152286, -0.6785538947827193, 0.6679172832974022, -0.41794099068480156, 0.03697344562063059, 6.403407129732966]
INFO:root:noisy truth camera 2 params: [1137.586569696577, 528.7546446991796, 556.8732076536137, -0.21418500574906812, 0.09980775425410045, 1.9868929451002337, 0.6528125055335751, -0.6589841030310433, 0.43050173371575523, 0.058053790976105635, 6.398203825301426]
INFO:root:noisy truth camera 3 params: [1134.4572594696856, 572.3810545212898, 286.85003518493136, -0.20273352803196185, 0.10386844300273426, 0.7344425401172656, 2.3566133614710267, -0.777417132869458, -0.7436847746219518, -2.004664987024404, 6.0226544155428945]
INFO:root:noisy truth camera 4 params: [867.992796025994, 409.2316389488856, 208.87873500484596, -0.19997773332947208, 0.10966817555714618, 0.7375407858450708, -2.3443273656977475, 0.7753120521324264, 0.7171921868867804, -2.017715256337585, 6.032461850768604]
INFO:root:noisy truth camera 5 params: [1367.2773270223129, 285.5894082323716, 278.21833712784417, -0.19288226017829418, 0.09375617280353268, -3.1337363672323164, 0.002414741897157881, 0.0035385166230855955, -0.010635450136440601, -0.002444057432601084, 5.008163792636069]
INFO:root:opted camera 1 params: [1027.079451740128, 648.4937644807128, 186.29045758052104, -0.11281609808502875, -0.01071693039134584, 1.7193713265907062, -0.634715648470277, 0.8506012362633147, -1.1771723051407903, 1.8724278801172682, 6.40024238244774]
INFO:root:opted camera 2 params: [1068.7949640040893, 480.7639692783416, 567.022589725113, -0.2222437744482039, 0.09042359901507212, 1.998368212345738, 0.6802903515381986, -0.6911276070848352, 0.4554143364195389, -0.49937844836747675, 6.205712938465185]
INFO:root:opted camera 3 params: [1097.8792454068712, 477.43206886889806, 277.98581870717095, -0.1943312053881654, 0.09150409376095717, 0.6295493246349159, 2.210202998556747, -0.9601719065799351, -0.6096260664885474, -0.8551451426322974, 6.289399625169774]
INFO:root:opted camera 4 params: [1060.9776189952659, 402.6434506145697, 288.79133631413805, -0.195880711430467, 0.09500392644779626, 0.6897399427150943, -2.196233083176868, 0.9417257969059595, 1.1421275072902832, -0.9253274539874119, 6.024067067066039]
INFO:root:opted camera 5 params: [1361.9532090330088, 352.34620100217955, 327.12889953875504, -0.3335432574109454, 0.20249438076072207, -3.1930053770377778, 0.003977614675846309, 0.11242410590405896, 0.7312775169911877, 0.8558035612504702, 6.091028139442952]
INFO:root:Using autograd
INFO:root:ground truth camera 1 params: [1000.0, 500.0, 500.0, -0.2, 0.1, 1.9968086871866082, -0.6609323774963193, 0.6609323774963193, -0.412574703796765, 0.05828353080215454, 6.389552812507635]
INFO:root:ground truth camera 2 params: [1000.0, 500.0, 500.0, -0.2, 0.1, 1.9968086871866082, 0.6609323774963193, -0.6609323774963193, 0.412574703796765, 0.05828353080215454, 6.389552812507635]
INFO:root:ground truth camera 3 params: [1000.0, 500.0, 500.0, -0.2, 0.1, 0.7400387408742135, 2.3483894223336255, -0.7827964741112086, -0.7420213479118222, -2.0160044147423886, 6.03200882948478]
INFO:root:ground truth camera 4 params: [1000.0, 500.0, 500.0, -0.2, 0.1, 0.7400387408742135, -2.3483894223336255, 0.7827964741112086, 0.7420213479118222, -2.0160044147423886, 6.03200882948478]
INFO:root:ground truth camera 5 params: [1000.0, 500.0, 500.0, -0.2, 0.1, -3.141592653589793, -0.0, -0.0, 0.0, -6.123233995736766e-16, 5.0]
INFO:root:gt_pixels: (80, 2)
INFO:root:gt pixels mean and sigma: 433.0432, 257.6924
INFO:root:mean error between gt and noisy: 1.2372
INFO:root:noisy truth camera 1 params: [1102.310799226947, 369.3120923847877, 375.6493083199283, -0.19849375934637456, 0.10045550048562701, 1.987172295818143, -0.6661130633717717, 0.6388254875259095, -0.41813072555134334, 0.05399628060586362, 6.389495559541685]
INFO:root:noisy truth camera 2 params: [1047.6622926759994, 567.8728810305483, 1202.8498137664385, -0.20668911524769745, 0.10057647091701813, 1.9831922671752928, 0.6582796067118328, -0.6676809168696247, 0.41857094268130873, 0.06077118200733586, 6.386470727410768]
INFO:root:noisy truth camera 3 params: [1168.3777794281486, 790.1062125357026, 643.3669881446091, -0.21307607652718352, 0.1003528428040716, 0.7437209071223562, 2.3465847150039663, -0.7819935366947806, -0.7375250082592447, -2.0256764982812387, 6.0442625805466035]
INFO:root:noisy truth camera 4 params: [952.6519328403328, 593.0220268164022, 559.9145643681105, -0.21456294735390544, 0.1060920690709046, 0.7668926020470931, -2.335367030701837, 0.7840610803378557, 0.7681649521772794, -2.0046526763817845, 6.030049260442659]
INFO:root:noisy truth camera 5 params: [1027.9681818236504, 797.6943365910039, 137.69381850289693, -0.18102985068882727, 0.10282895962516919, -3.129521022384389, 0.0034583096549762366, -0.021458355850388817, -0.009508623863813586, 0.0019200925059868373, 5.002260484302521]
INFO:root:opted camera 1 params: [931.3248130176964, 604.9868908016301, 310.5484015332401, -0.20109031272722722, 0.1053697205140432, 1.8550937729668384, -0.6570634261243156, 0.735741806704726, -1.137764981963108, 1.5212822032178144, 6.509098764111441]
INFO:root:opted camera 2 params: [846.9148108033786, 551.0520767169828, 1155.7371944819201, -0.098994470382667, 0.0027223992758387034, 2.3971353843282213, 0.904327085693194, -0.49707678208918765, 0.38760205985147733, -3.630651624477487, 5.19599506214735]
INFO:root:opted camera 3 params: [871.683473000902, 530.7142439785146, 452.86110263853396, -0.16090802371117374, 0.05513779929317771, 0.7173097321831561, 2.3549568633546683, -0.7846453165968439, -1.0725790252335126, -1.6971386002826419, 5.705199872676751]
INFO:root:opted camera 4 params: [961.7595385134446, 360.7056726341931, 662.0729666873148, -0.15618376042154677, 0.03891534216135128, 0.9118573091640652, -2.3564697171955387, 0.6786351511869969, 1.6057914722619135, -2.8305450517466864, 5.8833296659956735]
INFO:root:opted camera 5 params: [1026.189225001613, 659.2389110966772, 157.20615031145087, -0.17123687610601213, 0.027045574075733252, -3.2574983207470907, 0.0389858045164948, -0.05338253354000576, -0.6738430452637371, 1.7339114826384203, 5.345997707374875]
INFO:root:Using autograd
INFO:root:ground truth camera 1 params: [1000.0, 500.0, 500.0, -0.2, 0.1, 1.9968086871866082, -0.6609323774963193, 0.6609323774963193, -0.412574703796765, 0.05828353080215454, 6.389552812507635]
INFO:root:ground truth camera 2 params: [1000.0, 500.0, 500.0, -0.2, 0.1, 1.9968086871866082, 0.6609323774963193, -0.6609323774963193, 0.412574703796765, 0.05828353080215454, 6.389552812507635]
INFO:root:ground truth camera 3 params: [1000.0, 500.0, 500.0, -0.2, 0.1, 0.7400387408742135, 2.3483894223336255, -0.7827964741112086, -0.7420213479118222, -2.0160044147423886, 6.03200882948478]
INFO:root:ground truth camera 4 params: [1000.0, 500.0, 500.0, -0.2, 0.1, 0.7400387408742135, -2.3483894223336255, 0.7827964741112086, 0.7420213479118222, -2.0160044147423886, 6.03200882948478]
INFO:root:ground truth camera 5 params: [1000.0, 500.0, 500.0, -0.2, 0.1, -3.141592653589793, -0.0, -0.0, 0.0, -6.123233995736766e-16, 5.0]
INFO:root:gt_pixels: (80, 2)
INFO:root:gt pixels mean and sigma: 433.0432, 257.6924
INFO:root:mean error between gt and noisy: 1.2984
INFO:root:noisy truth camera 1 params: [1321.16714260185, 492.07247769927204, 191.38512541436302, -0.2068976472583743, 0.10183133566494218, 1.9897802363912256, -0.6477976292103986, 0.6551298031556481, -0.4122523315099756, 0.06649799837311132, 6.407781702229756]
INFO:root:noisy truth camera 2 params: [1556.3963616515193, 619.9724936870141, 643.6531575806927, -0.18979582568534348, 0.0926863806673187, 2.0015752705150422, 0.6646392420488696, -0.6630300074954316, 0.4123693038121106, 0.0650897472263283, 6.39014195789432]
INFO:root:noisy truth camera 3 params: [1153.7972380602985, 538.5580117510966, 650.1783115615647, -0.20879972380243814, 0.1057621737938239, 0.7416896600808687, 2.3460872340777117, -0.777224311699932, -0.7454138952335285, -2.0337600876382385, 6.028103103484268]
INFO:root:noisy truth camera 4 params: [811.3550588895894, 231.3758150746702, 405.77991060378747, -0.17631141330418953, 0.11151667552587283, 0.7419852802952308, -2.370584810367803, 0.7986535117802381, 0.7414361728781365, -2.020612803629028, 6.021659210830432]
INFO:root:noisy truth camera 5 params: [1364.4541384964048, 947.3311517307907, 611.943126788366, -0.21796692234018045, 0.09366051035450572, -3.1350843860355506, 0.001147063689682382, 0.012822467077794046, 0.007736420689719304, -0.008845218387396353, 5.006455183388709]
INFO:root:opted camera 1 params: [1232.219113450475, 428.98666506072186, 113.48464585523246, -0.7055027449233379, 0.5324234530930955, 1.7058093797867668, -0.5039722708392195, 0.6679278179806443, 0.49927424924479813, 1.9420429575927751, 5.72496552543964]
INFO:root:opted camera 2 params: [1495.804378846588, 620.4055506281277, 705.8828126820885, -0.8049891879895084, 3.092420929292539, 2.1245886743863753, 0.6222111133369874, -0.5710151536279823, -0.026418958774627334, -1.0714431215111637, 8.381225343454897]
INFO:root:opted camera 3 params: [1164.859943068728, 552.733995632452, 650.5869369460997, -0.33393747057943196, 0.03582271740145636, 0.7179360908722187, 2.3673803389724775, -0.8100367816380409, -1.042288500399106, -2.4154802987790314, 5.6611716038006685]
INFO:root:opted camera 4 params: [788.7790351352505, 283.82333752171826, 358.7166141309832, -0.17288231575712965, 0.038797581574189395, 0.8624966007411856, -2.2045825190045747, 0.7538805035147339, 1.6827990875534273, -1.2243820484756955, 4.45455851680817]
INFO:root:opted camera 5 params: [1386.4313637170958, 852.3789982012906, 575.3949186852317, -0.37260309286642884, 0.3088571305996072, -2.9437921697849654, 0.014103093611000657, -0.48318406103686606, -1.1931322356872847, -0.2813377730125224, 6.335822582457206]
INFO:root:Using autograd
INFO:root:ground truth camera 1 params: [1000.0, 500.0, 500.0, -0.2, 0.1, 1.9968086871866082, -0.6609323774963193, 0.6609323774963193, -0.412574703796765, 0.05828353080215454, 6.389552812507635]
INFO:root:ground truth camera 2 params: [1000.0, 500.0, 500.0, -0.2, 0.1, 1.9968086871866082, 0.6609323774963193, -0.6609323774963193, 0.412574703796765, 0.05828353080215454, 6.389552812507635]
INFO:root:ground truth camera 3 params: [1000.0, 500.0, 500.0, -0.2, 0.1, 0.7400387408742135, 2.3483894223336255, -0.7827964741112086, -0.7420213479118222, -2.0160044147423886, 6.03200882948478]
INFO:root:ground truth camera 4 params: [1000.0, 500.0, 500.0, -0.2, 0.1, 0.7400387408742135, -2.3483894223336255, 0.7827964741112086, 0.7420213479118222, -2.0160044147423886, 6.03200882948478]
INFO:root:ground truth camera 5 params: [1000.0, 500.0, 500.0, -0.2, 0.1, -3.141592653589793, -0.0, -0.0, 0.0, -6.123233995736766e-16, 5.0]
INFO:root:gt_pixels: (80, 2)
INFO:root:gt pixels mean and sigma: 433.0432, 257.6924
INFO:root:mean error between gt and noisy: 0.0000
INFO:root:noisy truth camera 1 params: [939.3800388575744, 475.9935727128521, 574.1570768717129, -0.19269143003891764, 0.10811825771552189, 1.9899470670981532, -0.6710130674840785, 0.6668197831542185, -0.41131234371919667, 0.06794630590233419, 6.378151129522924]
INFO:root:noisy truth camera 2 params: [1241.4505385533657, 426.0009916266431, 406.3452646315716, -0.19942380985296837, 0.10329779998940546, 1.9933771397793998, 0.6564715359103183, -0.6619692947368989, 0.4155920847462286, 0.0765305025667683, 6.387024477931517]
INFO:root:noisy truth camera 3 params: [1087.7469166819997, 397.90731115181984, 396.64252938557746, -0.17700242608048705, 0.10955413223133963, 0.75377384746897, 2.3486522904008575, -0.7824486042019602, -0.7520206238287068, -1.9875734589214118, 6.051650353820784]
INFO:root:noisy truth camera 4 params: [782.1946465775022, 828.4238221729627, 891.7825803221688, -0.20812286366939517, 0.09432171616273238, 0.7515769006789748, -2.338417252436148, 0.7830191931703225, 0.7419873799776849, -2.0136084826428835, 6.034375539202612]
INFO:root:noisy truth camera 5 params: [825.4237850662204, 646.0007215388839, 40.80705986795164, -0.19436051642255794, 0.08986582479582142, -3.1437641441732196, 0.010507049105440933, 0.007049307411435335, 0.008193025291214316, -0.014889207778285143, 4.99009459820976]
INFO:root:opted camera 1 params: [868.2993375683302, 515.694766502246, 542.8816096475726, -0.14659920647474545, 0.07200561437137001, 2.088732711387579, -0.6970154638616863, 0.6844899964720508, -0.6233272075362126, -0.1286809788075406, 6.0811535946198605]
INFO:root:opted camera 2 params: [1166.3636310177726, 400.1698614165667, 403.12953719191154, -0.24511737971732378, 0.11976445209531983, 1.887960234139314, 0.6698569764194939, -0.7329439624372593, 1.0577387492150534, 0.7832095025610838, 7.330863644218819]
INFO:root:opted camera 3 params: [966.3024635091754, 395.1589900379992, 356.7359039163791, -0.24311674898239094, 0.14799820084641724, 0.6830792650834276, 2.3883851868362447, -0.9167560949545355, -0.14183795224347842, -1.1228870266223714, 6.206198465439842]
INFO:root:opted camera 4 params: [762.1385011183298, 733.9742845713229, 914.2908459316882, -0.08276304045955075, 0.011509851324849631, 0.7869413205903055, -2.630075173121421, 0.5558593227996049, -0.43713027017310174, -4.17084221519105, 4.478958545700083]
INFO:root:opted camera 5 params: [814.1889711012186, 503.74511416806615, -0.09066180381245803, -0.11215811872248099, 0.015669093206862078, -3.2608476813820704, 0.08341878920358674, -0.029225780346288695, 0.04271504353477201, 2.5436025486698877, 4.126946308359621]
INFO:root:Using scipy only
INFO:root:ground truth camera 1 params: [1000.0, 500.0, 500.0, -0.2, 0.1, 1.9968086871866082, -0.6609323774963193, 0.6609323774963193, -0.412574703796765, 0.05828353080215454, 6.389552812507635]
INFO:root:ground truth camera 2 params: [1000.0, 500.0, 500.0, -0.2, 0.1, 1.9968086871866082, 0.6609323774963193, -0.6609323774963193, 0.412574703796765, 0.05828353080215454, 6.389552812507635]
INFO:root:ground truth camera 3 params: [1000.0, 500.0, 500.0, -0.2, 0.1, 0.7400387408742135, 2.3483894223336255, -0.7827964741112086, -0.7420213479118222, -2.0160044147423886, 6.03200882948478]
INFO:root:ground truth camera 4 params: [1000.0, 500.0, 500.0, -0.2, 0.1, 0.7400387408742135, -2.3483894223336255, 0.7827964741112086, 0.7420213479118222, -2.0160044147423886, 6.03200882948478]
INFO:root:ground truth camera 5 params: [1000.0, 500.0, 500.0, -0.2, 0.1, -3.141592653589793, -0.0, -0.0, 0.0, -6.123233995736766e-16, 5.0]
INFO:root:gt_pixels: (80, 2)
INFO:root:gt pixels mean and sigma: 433.0432, 257.6924
INFO:root:mean error between gt and noisy: 0.0000
INFO:root:noisy truth camera 1 params: [1262.4177289907789, 373.40883590234387, 475.8374594524522, -0.20745326829645405, 0.10248208736031313, 2.0041661886411264, -0.6565714926625223, 0.6563412204921047, -0.41242993380737825, 0.047069132241469705, 6.386735643566755]
INFO:root:noisy truth camera 2 params: [1164.215179986089, 558.6874612271733, 597.404533122337, -0.19577543473022171, 0.09861927982979565, 2.0030977757800112, 0.6625038692848438, -0.6488542643404007, 0.40693748379540917, 0.04691333620484041, 6.391248971397388]
INFO:root:noisy truth camera 3 params: [1248.8242643147873, 693.3380487794219, 544.1228586611203, -0.1973088287291786, 0.09183802841752238, 0.7400559152043865, 2.342747621856221, -0.7909058384159933, -0.744563385876514, -2.03146298174816, 6.033838951760976]
INFO:root:noisy truth camera 4 params: [1198.133887890588, 134.24230039098262, 683.9752849170209, -0.1975099480068324, 0.09601644479944134, 0.7523049857342263, -2.3492825063387963, 0.7845069669477324, 0.7535470512814278, -2.0230764878486966, 6.032965655055065]
INFO:root:noisy truth camera 5 params: [983.8686900960292, 399.18107866530227, 855.9368778363528, -0.20824217202576353, 0.08947087904771703, -3.13649311319163, -0.004052839966520734, 0.0016303576434643652, -0.024036440595006692, -0.014371657833177471, 4.996369610493169]
INFO:root:opted camera 1 params: [1005.4112104161977, 503.84369691773463, 507.59693415180027, -0.20278498373508944, 0.08996667438756634, 2.0041668196265667, -0.6565707308620844, 0.656342387366801, -0.19699117875364536, -0.13669637007092375, 3.3511885321794854]
INFO:root:opted camera 2 params: [988.2726982597104, 509.29774500144765, 500.59236426503924, -0.1793264304233248, 0.08474558278870443, 2.003097989447855, 0.6625042153538112, -0.6488542313931803, 0.16433566111020023, -0.11362942541598034, 3.2969848969477296]
INFO:root:opted camera 3 params: [982.1511596040988, 512.458212955141, 485.86080664179764, -0.1961965675586648, 0.09848080766735406, 0.7400557461997672, 2.3427476716745157, -0.7909056329677039, -0.3903091938261527, -1.1378498435859656, 3.0515348398632804]
INFO:root:opted camera 4 params: [1008.5104725171935, 503.12771725064516, 516.2422701588991, -0.21998901055757838, 0.1191521360834284, 0.7523051275376919, -2.349282446214428, 0.7845073317031306, 0.3361136472639971, -1.2247899278114533, 3.1091353378155495]
INFO:root:opted camera 5 params: [5461.762041055791, 521.2211507880588, 484.29282063245853, -5.839624173573104, 83.74640217099325, -3.136493330108805, -0.004052405061214253, 0.0016300700163807953, -0.05070465905079468, 0.04285057930750949, 14.383687453761539]
INFO:root:Using scipy only
INFO:root:ground truth camera 1 params: [1000.0, 500.0, 500.0, -0.2, 0.1, 1.9968086871866082, -0.6609323774963193, 0.6609323774963193, -0.412574703796765, 0.05828353080215454, 6.389552812507635]
INFO:root:ground truth camera 2 params: [1000.0, 500.0, 500.0, -0.2, 0.1, 1.9968086871866082, 0.6609323774963193, -0.6609323774963193, 0.412574703796765, 0.05828353080215454, 6.389552812507635]
INFO:root:ground truth camera 3 params: [1000.0, 500.0, 500.0, -0.2, 0.1, 0.7400387408742135, 2.3483894223336255, -0.7827964741112086, -0.7420213479118222, -2.0160044147423886, 6.03200882948478]
INFO:root:ground truth camera 4 params: [1000.0, 500.0, 500.0, -0.2, 0.1, 0.7400387408742135, -2.3483894223336255, 0.7827964741112086, 0.7420213479118222, -2.0160044147423886, 6.03200882948478]
INFO:root:ground truth camera 5 params: [1000.0, 500.0, 500.0, -0.2, 0.1, -3.141592653589793, -0.0, -0.0, 0.0, -6.123233995736766e-16, 5.0]
INFO:root:gt_pixels: (80, 2)
INFO:root:gt pixels mean and sigma: 433.0432, 257.6924
INFO:root:mean error between gt and noisy: 1.3274
INFO:root:noisy truth camera 1 params: [803.9368794134509, 686.3872917569827, 562.4021998855512, -0.1884770351884666, 0.09815602882369215, 2.0038385864964465, -0.6520174131170703, 0.654633292701086, -0.41067474250721914, 0.0679684488516904, 6.3865960008594636]
INFO:root:noisy truth camera 2 params: [935.6732606978546, 592.5890019745732, 390.89856673339347, -0.22355006343774533, 0.08796936291595399, 1.997451499957323, 0.6561481686407196, -0.6462391569611755, 0.41855610225420103, 0.05065330438931662, 6.385525856405937]
INFO:root:noisy truth camera 3 params: [850.3631034125476, 541.3296623692866, 595.6073556056874, -0.2135247767769413, 0.10803422205179714, 0.7502376100175643, 2.3365955234875133, -0.7786620357875687, -0.7399217689877011, -1.9915925035413233, 6.019732255700802]
INFO:root:noisy truth camera 4 params: [1324.794362406636, 407.0212745510763, 556.6479618871945, -0.19696654631841468, 0.1027694965002095, 0.7583869839657387, -2.348176004765538, 0.7867542092331674, 0.7476727123461603, -2.0079241027721744, 6.026271852482533]
INFO:root:noisy truth camera 5 params: [539.7178117206291, 376.0255376662899, 698.5689540211947, -0.2072242583881548, 0.0992735624709164, -3.1411994819281994, 0.005530563928304318, 0.0019353072351291412, 0.010156943872336762, -0.0065951049786073445, 4.9856851805929185]
INFO:root:opted camera 1 params: [950.4886861866828, 509.25776336604554, 486.0406355218068, -0.18385556615539053, 0.11867112767727861, 2.003839299838805, -0.6520169312925744, 0.6546336302606507, -0.5475573588923023, 0.2748267751719621, 6.607613456080846]
INFO:root:opted camera 2 params: [1010.287181889419, 512.3131671957362, 506.3236851403658, -0.1976173820550604, 0.09788608660127207, 1.9974510186254764, 0.6561481944933187, -0.646239289140739, 0.4235484969632957, 0.14137974348613722, 6.836260643495288]
INFO:root:opted camera 3 params: [955.335543174938, 536.5919733443776, 479.5116344831492, -0.16533013921466358, 0.05041906469589364, 0.7502372974830507, 2.3365957184791615, -0.778661565244846, -1.0861487551236084, -1.909551982273617, 6.320567591400852]
INFO:root:opted camera 4 params: [997.5639893532903, 481.99038293929254, 514.1794467829975, -0.15727427094085059, 0.07200306514670186, 0.7583870010513722, -2.3481758157009, 0.7867543389462619, 0.894292414688122, -2.11105455621031, 6.498336046814087]
INFO:root:opted camera 5 params: [130.1112703897165, 521.5098938822586, 383.37470112331954, -0.0033440338855863366, 2.0215162336358117e-05, -3.141199910194856, 0.005530060586083211, 0.0019354605819614976, -0.08314873184637431, 0.5750380980887679, 0.8425099120686911]
INFO:root:Using scipy only
INFO:root:ground truth camera 1 params: [1000.0, 500.0, 500.0, -0.2, 0.1, 1.9968086871866082, -0.6609323774963193, 0.6609323774963193, -0.412574703796765, 0.05828353080215454, 6.389552812507635]
INFO:root:ground truth camera 2 params: [1000.0, 500.0, 500.0, -0.2, 0.1, 1.9968086871866082, 0.6609323774963193, -0.6609323774963193, 0.412574703796765, 0.05828353080215454, 6.389552812507635]
INFO:root:ground truth camera 3 params: [1000.0, 500.0, 500.0, -0.2, 0.1, 0.7400387408742135, 2.3483894223336255, -0.7827964741112086, -0.7420213479118222, -2.0160044147423886, 6.03200882948478]
INFO:root:ground truth camera 4 params: [1000.0, 500.0, 500.0, -0.2, 0.1, 0.7400387408742135, -2.3483894223336255, 0.7827964741112086, 0.7420213479118222, -2.0160044147423886, 6.03200882948478]
INFO:root:gt_pixels: (64, 2)
INFO:root:gt pixels mean and sigma: 420.2270, 248.4272
INFO:root:mean error between gt and noisy: 1.0191
INFO:root:noisy truth camera 1 params: [929.8599733288413, 657.8528447750616, 572.6636433844033, -0.20322018711987516, 0.09798856086555328, 2.0173738492179027, -0.6571600395633672, 0.6575836567359784, -0.41518295989902887, 0.05716078154925625, 6.378165115251422]
INFO:root:noisy truth camera 2 params: [1127.3801031642924, 448.02977449321793, 366.7399304286904, -0.1907663552886596, 0.1044151386966528, 2.0022061569440393, 0.6537260770139524, -0.6615961809837846, 0.4160399178549836, 0.05846990122817873, 6.39715342854464]
INFO:root:noisy truth camera 3 params: [1170.613096831354, 92.74735054547943, 667.1012584247717, -0.2076640361238005, 0.12060685365030749, 0.7534981732382372, 2.345459160380531, -0.7821895492556278, -0.7535949394582474, -2.0293068612292227, 6.03924505036837]
INFO:root:noisy truth camera 4 params: [798.4114846402997, 379.32421899819275, 662.9059689958907, -0.21960133596533093, 0.11172186748389495, 0.7458097610668222, -2.330824875334822, 0.7751886848077859, 0.7489191103918998, -2.025548323464357, 6.037427252420786]
INFO:root:Using scipy only
INFO:root:ground truth camera 1 params: [1000.0, 500.0, 500.0, -0.2, 0.1, 1.9968086871866082, -0.6609323774963193, 0.6609323774963193, -0.412574703796765, 0.05828353080215454, 6.389552812507635]
INFO:root:ground truth camera 2 params: [1000.0, 500.0, 500.0, -0.2, 0.1, 1.9968086871866082, 0.6609323774963193, -0.6609323774963193, 0.412574703796765, 0.05828353080215454, 6.389552812507635]
INFO:root:ground truth camera 3 params: [1000.0, 500.0, 500.0, -0.2, 0.1, 0.7400387408742135, 2.3483894223336255, -0.7827964741112086, -0.7420213479118222, -2.0160044147423886, 6.03200882948478]
INFO:root:ground truth camera 4 params: [1000.0, 500.0, 500.0, -0.2, 0.1, 0.7400387408742135, -2.3483894223336255, 0.7827964741112086, 0.7420213479118222, -2.0160044147423886, 6.03200882948478]
INFO:root:gt_pixels: (64, 2)
INFO:root:gt pixels mean and sigma: 420.2270, 248.4272
INFO:root:mean error between gt and noisy: 1.1672
INFO:root:noisy truth camera 1 params: [1118.9053019681928, 536.1111549867959, 247.20051694279138, -0.21108966090137754, 0.09057435461725184, 1.9995862521052847, -0.6723858626261189, 0.6550671973037905, -0.4202859244895383, 0.050311204958927554, 6.383269531551625]
INFO:root:noisy truth camera 2 params: [1032.3535338679212, 132.9515872771376, 608.4432555776569, -0.19981441218874058, 0.10556205752540333, 1.9949904677621464, 0.6487432360639653, -0.637875098433558, 0.4079554724271704, 0.07095994242313718, 6.389263523774996]
INFO:root:noisy truth camera 3 params: [1292.4453137525625, 608.466532027964, 520.7409046773348, -0.19767656974891742, 0.09663185617041804, 0.7417518531070904, 2.3487864341864904, -0.7674410952568099, -0.7336927827189341, -2.0180271096451947, 6.040594111560353]
INFO:root:noisy truth camera 4 params: [914.5364474356073, 574.269787494321, 464.9473149436752, -0.20089066355020224, 0.09250746982647848, 0.7453120646306428, -2.352195620555613, 0.77022345675673, 0.7426607218255316, -2.027140261536815, 6.022479200670134]
INFO:root:opted camera 1 params: [954.7600553837823, 509.5902553921054, 501.60190659335643, -0.18692893280881673, 0.09673423096544091, 1.9995862520815582, -0.6723858619533187, 0.6550671934809853, -0.5108496449821927, 0.048519113805852054, 6.416763058235557]
INFO:root:opted camera 2 params: [1018.0927207273586, 517.2859130479645, 510.36879676821184, -0.19925694828523038, 0.10956517768357599, 1.9949904704712638, 0.6487432377411222, -0.6378750969111844, 0.3458478046092665, -0.007723707617965686, 6.705658300502008]
INFO:root:opted camera 3 params: [976.7162536784441, 512.4549587009395, 487.31004264729876, -0.18612374739773052, 0.07680333117388093, 0.7417518543114262, 2.348786431386414, -0.7674410968325796, -0.8538239144167291, -1.9951912954615425, 6.170084705461453]
INFO:root:opted camera 4 params: [993.512992458676, 486.0506702503569, 514.1319192300334, -0.17314288536946992, 0.07925492049608655, 0.7453120665046692, -2.3521956225549436, 0.7702234562174, 0.8219961692995948, -2.146404617405958, 6.206671070708611]
INFO:root:Using Autograd
INFO:root:ground truth camera 1 params: [1000.0, 500.0, 500.0, -0.2, 0.1, 1.9968086871866082, -0.6609323774963193, 0.6609323774963193, -0.412574703796765, 0.05828353080215454, 6.389552812507635]
INFO:root:ground truth camera 2 params: [1000.0, 500.0, 500.0, -0.2, 0.1, 1.9968086871866082, 0.6609323774963193, -0.6609323774963193, 0.412574703796765, 0.05828353080215454, 6.389552812507635]
INFO:root:ground truth camera 3 params: [1000.0, 500.0, 500.0, -0.2, 0.1, 0.7400387408742135, 2.3483894223336255, -0.7827964741112086, -0.7420213479118222, -2.0160044147423886, 6.03200882948478]
INFO:root:ground truth camera 4 params: [1000.0, 500.0, 500.0, -0.2, 0.1, 0.7400387408742135, -2.3483894223336255, 0.7827964741112086, 0.7420213479118222, -2.0160044147423886, 6.03200882948478]
INFO:root:gt_pixels: (64, 2)
INFO:root:gt pixels mean and sigma: 420.2270, 248.4272
INFO:root:mean error between gt and noisy: 1.1592
INFO:root:noisy truth camera 1 params: [973.7746773767784, 444.89421425399155, 390.3954765920466, -0.20990337296142741, 0.09955230756898428, 1.9922510748646418, -0.6482411309819215, 0.6450081990956544, -0.40537295200976803, 0.06777407934702061, 6.3853220386367076]
INFO:root:noisy truth camera 2 params: [991.3005302783946, 231.94183667398482, 273.4955626717075, -0.2072365335007122, 0.08176010418551408, 2.006380122934996, 0.6592176417350242, -0.6578512971393123, 0.40612704756057555, 0.060544364327253644, 6.3954178076807695]
INFO:root:noisy truth camera 3 params: [1002.5703628797997, 354.0589631785092, 283.07461203836306, -0.20041347841581525, 0.09004117515661668, 0.7363987121992919, 2.3552436059192363, -0.7875873473730476, -0.7287766081356659, -2.0226772912738227, 6.023349671019667]
INFO:root:noisy truth camera 4 params: [1108.41120893004, 611.2435614109532, 354.853603984498, -0.18942165420292945, 0.09091336689480764, 0.7351760044491324, -2.351463941306871, 0.7780095527473398, 0.7346514516466569, -2.014284741760112, 6.019595238555653]
INFO:root:opted camera 1 params: [980.9505686746496, 514.2905311629492, 490.8464987721109, -0.19422365124886126, 0.09602143556016104, 1.9813135698409414, -0.6536565558134778, 0.6606380586399134, -0.4613003764668347, 0.11673576084547391, 6.472749720283588]
INFO:root:opted camera 2 params: [1058.7652319883848, 451.8598529216654, 414.2034853082411, -0.22373273662010654, 0.11631231530730864, 1.890039221210493, 0.6751782673578403, -0.7114990579512525, 0.6932889849088893, 0.6178123145325177, 6.79099884110968]
INFO:root:opted camera 3 params: [990.6394072488042, 446.9375422241214, 487.7165921404988, -0.19594117756504364, 0.11579321317690174, 0.6880087328097308, 2.397669141128706, -0.7910474180948127, -0.4780691670554193, -2.0635329846706894, 6.110388579404052]
INFO:root:opted camera 4 params: [1023.8729696243981, 497.3560892641089, 464.2651656230068, -0.20630515893793283, 0.11589432963416824, 0.730439979257771, -2.3150054490197394, 0.7929822872674498, 0.7854198655725373, -1.9283840044757599, 6.340430127670242]
INFO:root:Using Autograd
INFO:root:ground truth camera 1 params: [1000.0, 500.0, 500.0, -0.2, 0.1, 1.9968086871866082, -0.6609323774963193, 0.6609323774963193, -0.412574703796765, 0.05828353080215454, 6.389552812507635]
INFO:root:ground truth camera 2 params: [1000.0, 500.0, 500.0, -0.2, 0.1, 1.9968086871866082, 0.6609323774963193, -0.6609323774963193, 0.412574703796765, 0.05828353080215454, 6.389552812507635]
INFO:root:ground truth camera 3 params: [1000.0, 500.0, 500.0, -0.2, 0.1, 0.7400387408742135, 2.3483894223336255, -0.7827964741112086, -0.7420213479118222, -2.0160044147423886, 6.03200882948478]
INFO:root:ground truth camera 4 params: [1000.0, 500.0, 500.0, -0.2, 0.1, 0.7400387408742135, -2.3483894223336255, 0.7827964741112086, 0.7420213479118222, -2.0160044147423886, 6.03200882948478]
INFO:root:gt_pixels: (64, 2)
INFO:root:gt pixels mean and sigma: 420.2270, 248.4272
INFO:root:mean error between gt and noisy: 0.0000
INFO:root:noisy truth camera 1 params: [877.1083755518969, 519.9873726179491, 378.1878525465781, -0.19389198173863956, 0.09825244760421359, 2.0079189312503334, -0.6524366780667851, 0.6696197162614814, -0.4156174044329513, 0.045172286605427936, 6.405230271957118]
INFO:root:noisy truth camera 2 params: [918.8784748925854, 115.30850059067245, 1218.6713724537938, -0.20844762523565838, 0.08122245400197237, 1.970755471400166, 0.6555404058689773, -0.675787604942833, 0.4040560306218633, 0.05920689049597345, 6.399458150415734]
INFO:root:noisy truth camera 3 params: [1490.1418158156373, 871.1013625925375, 176.0510540222964, -0.19554244484458388, 0.10863722850599666, 0.7360422963607239, 2.3310354425243407, -0.7813410990594486, -0.7308833428956311, -2.0085322041753426, 6.046429375093953]
INFO:root:noisy truth camera 4 params: [1001.8120172611287, 610.3536416278175, 515.8206215528702, -0.2093556679441116, 0.09798414796924088, 0.742579136706416, -2.3566933877854437, 0.7909348881086992, 0.7262764943169794, -2.0171450815603027, 6.0291781808524165]
INFO:root:opted camera 1 params: [1000.0000466748761, 500.0000315739025, 499.9999190977857, -0.20000002066176026, 0.10000001311614477, 1.976139059396992, -0.6516173174690136, 0.6689169701934731, -0.45631157339636064, 0.01187320692788506, 6.602778395347112]
INFO:root:opted camera 2 params: [1000.0000073049795, 500.00001518055916, 500.0000000924925, -0.20000000371042195, 0.1000000106461459, 1.9902032375373035, 0.6764056911396967, -0.6395878042933275, 0.43534823333033157, 0.006269378896978649, 6.622567954216162]
INFO:root:opted camera 3 params: [1000.0001107807154, 499.9999439769791, 499.99993147349187, -0.20000004175163963, 0.10000006914868569, 0.7405011946118845, 2.3678709382062775, -0.7622551042577038, -0.7194290320661489, -2.087873339439438, 6.206396673214284]
INFO:root:opted camera 4 params: [999.9999428723863, 500.00010815332064, 499.99991067899424, -0.1999999821764614, 0.10000002888208999, 0.7271186622826669, -2.3355005762024166, 0.7670055730074595, 0.7398897892826314, -2.0784518600630544, 6.187553034474603]
INFO:root:Using Autograd
INFO:root:ground truth camera 1 params: [1000.0, 500.0, 500.0, -0.2, 0.1, 1.9968086871866082, -0.6609323774963193, 0.6609323774963193, -0.412574703796765, 0.05828353080215454, 6.389552812507635]
INFO:root:ground truth camera 2 params: [1000.0, 500.0, 500.0, -0.2, 0.1, 1.9968086871866082, 0.6609323774963193, -0.6609323774963193, 0.412574703796765, 0.05828353080215454, 6.389552812507635]
INFO:root:ground truth camera 3 params: [1000.0, 500.0, 500.0, -0.2, 0.1, 0.7400387408742135, 2.3483894223336255, -0.7827964741112086, -0.7420213479118222, -2.0160044147423886, 6.03200882948478]
INFO:root:ground truth camera 4 params: [1000.0, 500.0, 500.0, -0.2, 0.1, 0.7400387408742135, -2.3483894223336255, 0.7827964741112086, 0.7420213479118222, -2.0160044147423886, 6.03200882948478]
INFO:root:gt_pixels: (64, 2)
INFO:root:gt pixels mean and sigma: 420.2270, 248.4272
INFO:root:mean error between gt and noisy: 0.1173
INFO:root:noisy truth camera 1 params: [826.6631060933814, 164.08199604498571, 641.2294472032754, -0.1929331248301092, 0.09886008878009069, 2.0123617188370093, -0.6611739931316777, 0.6747503462095183, -0.3935821466981908, 0.05203588268651195, 6.385615637865998]
INFO:root:noisy truth camera 2 params: [1027.7105709716916, 208.65886017828348, 544.8003863914058, -0.20562590780716739, 0.10311982849877967, 2.0024811132184177, 0.6615270933238663, -0.6581004528942919, 0.4161118258023863, 0.05008089053329147, 6.395015799431851]
INFO:root:noisy truth camera 3 params: [757.6444129276333, 404.4751106363435, 634.4617056044963, -0.2156655257739249, 0.10146737856269153, 0.7417652125060331, 2.3556844640541628, -0.7739072998893578, -0.7535676825499962, -2.0092612527590323, 6.032734782476616]
INFO:root:noisy truth camera 4 params: [1372.719593680029, 510.17288598946925, 271.3625189892948, -0.18284429585293396, 0.08120277007558678, 0.7421372530923278, -2.3363550109809434, 0.7783699963293743, 0.755601756420405, -2.0295203820772194, 6.014803265765185]
INFO:root:opted camera 1 params: [1007.1566847722981, 499.43540038067596, 495.5309183716914, -0.20302739942969564, 0.1035257604232521, 1.974437744818564, -0.6762737998989623, 0.6663946219272541, -0.4575664581167108, 0.10050479212009183, 6.710249344052927]
INFO:root:opted camera 2 params: [992.2078979535605, 501.49290225139447, 502.82831114808585, -0.19716513893216303, 0.09782035326758597, 1.9927822814002085, 0.6493455348406304, -0.6419174911047764, 0.41676559115164746, 0.04198950419857748, 6.677250740259905]
INFO:root:opted camera 3 params: [998.002457830002, 507.67429435160193, 508.3406556369868, -0.1989472863786383, 0.09465015730154089, 0.7583151559212638, 2.3431954097579184, -0.7513157876092899, -0.7978261652560207, -2.148145920259234, 6.314369863940028]
INFO:root:opted camera 4 params: [995.7506203884619, 501.89985059702576, 496.34777434209906, -0.1986801237032386, 0.09985703836541901, 0.7142078970014822, -2.361079589268241, 0.7726554531979102, 0.7766549935126645, -2.0640006719792376, 6.28571438882586]
INFO:root:Using scipy only
INFO:root:ground truth camera 1 params: [1000.0, 500.0, 500.0, -0.2, 0.1, 1.9968086871866082, -0.6609323774963193, 0.6609323774963193, -0.412574703796765, 0.05828353080215454, 6.389552812507635]
INFO:root:ground truth camera 2 params: [1000.0, 500.0, 500.0, -0.2, 0.1, 1.9968086871866082, 0.6609323774963193, -0.6609323774963193, 0.412574703796765, 0.05828353080215454, 6.389552812507635]
INFO:root:ground truth camera 3 params: [1000.0, 500.0, 500.0, -0.2, 0.1, 0.7400387408742135, 2.3483894223336255, -0.7827964741112086, -0.7420213479118222, -2.0160044147423886, 6.03200882948478]
INFO:root:ground truth camera 4 params: [1000.0, 500.0, 500.0, -0.2, 0.1, 0.7400387408742135, -2.3483894223336255, 0.7827964741112086, 0.7420213479118222, -2.0160044147423886, 6.03200882948478]
INFO:root:gt_pixels: (64, 2)
INFO:root:gt pixels mean and sigma: 420.2270, 248.4272
INFO:root:mean error between gt and noisy: 0.1121
INFO:root:noisy truth camera 1 params: [1074.2901332991373, 725.1529323872675, 555.4436400742464, -0.2024157556695798, 0.11700838555504758, 1.9944098530969754, -0.6630861613358869, 0.6731649979695777, -0.40307533854193545, 0.05588512775789922, 6.387343459972623]
INFO:root:noisy truth camera 2 params: [1342.6145480366504, 586.0056601339965, 508.59976155596155, -0.18543042281909275, 0.11932085796021089, 1.9892814215657808, 0.6600792676058329, -0.6475038626680072, 0.4218123673502146, 0.05810379686828984, 6.38445982038907]
INFO:root:noisy truth camera 3 params: [914.1691998541379, 249.30159307181637, 708.4087659631884, -0.21036543183113263, 0.09045481721898997, 0.7385677689102563, 2.333650262621562, -0.7722512885618071, -0.7452154417797019, -2.0300079159609066, 6.027857369981986]
INFO:root:noisy truth camera 4 params: [952.2665644261383, 602.8688061780368, 549.1176197983732, -0.2144053275875317, 0.09440064580973694, 0.7384205693793584, -2.355488300124719, 0.7778157871579908, 0.7116526519281443, -2.0331177246250567, 6.038224596463098]
INFO:root:opted camera 1 params: [1011.028903374008, 542.5377469114424, 526.3481432848952, -0.20553567793373645, 0.08311979550017243, 1.9944098533307584, -0.6630861608450653, 0.6731649980952532, -0.6358550960208059, -0.1495101775869689, 6.579483162082991]
INFO:root:opted camera 2 params: [960.7316056924858, 527.400644315161, 458.8638439421833, -0.18286145916700838, 0.0927074742446866, 1.9892814208337677, 0.6600792689989688, -0.6475038635873711, 0.27731334152957593, 0.3178976190065022, 6.436894844934031]
INFO:root:opted camera 3 params: [1058.4918979512265, 570.1046967276262, 549.5013318025319, -0.21979689291731053, 0.0824144181091219, 0.7385677696862637, 2.3336502630208877, -0.772251288736461, -1.1954098121503856, -2.366422733423095, 6.448158783710483]
INFO:root:opted camera 4 params: [904.2606119120364, 524.444653297439, 425.23877371431735, -0.15352892170968674, 0.07942538327975548, 0.7384205688930643, -2.3554883004263827, 0.7778157866987176, 0.5500621622732215, -1.743844682974877, 5.8594990535820894]
INFO:root:Using scipy only
INFO:root:ground truth camera 1 params: [1000.0, 500.0, 500.0, -0.2, 0.1, 1.9968086871866082, -0.6609323774963193, 0.6609323774963193, -0.412574703796765, 0.05828353080215454, 6.389552812507635]
INFO:root:ground truth camera 2 params: [1000.0, 500.0, 500.0, -0.2, 0.1, 1.9968086871866082, 0.6609323774963193, -0.6609323774963193, 0.412574703796765, 0.05828353080215454, 6.389552812507635]
INFO:root:ground truth camera 3 params: [1000.0, 500.0, 500.0, -0.2, 0.1, 0.7400387408742135, 2.3483894223336255, -0.7827964741112086, -0.7420213479118222, -2.0160044147423886, 6.03200882948478]
INFO:root:ground truth camera 4 params: [1000.0, 500.0, 500.0, -0.2, 0.1, 0.7400387408742135, -2.3483894223336255, 0.7827964741112086, 0.7420213479118222, -2.0160044147423886, 6.03200882948478]
INFO:root:gt_pixels: (64, 2)
INFO:root:gt pixels mean and sigma: 420.2270, 248.4272
INFO:root:mean error between gt and noisy: 0.1230
INFO:root:noisy truth camera 1 params: [673.4602978783405, 500.61466396865154, 863.4098554145116, -0.19285669649488887, 0.10164786062077376, 1.9964728991854936, -0.6427858213213328, 0.6618790853658876, -0.41418928158903967, 0.05309572699958657, 6.385502467562741]
INFO:root:noisy truth camera 2 params: [845.8806002279443, 571.9161698654909, 351.7433302229789, -0.21156187994833625, 0.08635875717262896, 1.998752405556494, 0.6642180183928735, -0.657531026494913, 0.4103679483028561, 0.05346523848796105, 6.387995891450624]
INFO:root:noisy truth camera 3 params: [1318.511849638662, 390.60502662741317, 418.8422722777126, -0.2033497960178378, 0.09187716088590056, 0.7389549599044346, 2.350681626277503, -0.7911053102563628, -0.7418473732455549, -2.00179706626685, 6.0140359710392435]
INFO:root:noisy truth camera 4 params: [1347.506340580506, 634.9939993924676, 648.9921960686888, -0.18689126529040945, 0.09156039183302918, 0.7378216174204916, -2.3500017571295584, 0.7857271176242937, 0.7436956830997186, -2.0225880852592675, 6.037912939108855]
INFO:root:opted camera 1 params: [1003.9607784962761, 503.27701921948136, 496.0123958764461, -0.20146029344980312, 0.10011087654080988, 1.9855628752723422, -0.7028985992927294, 0.6000889702840413, -0.5016523600178521, 0.1144293430287513, 6.48829615698334]
INFO:root:opted camera 2 params: [998.0979460360818, 501.4401015676117, 495.6739397939394, -0.19927713754095686, 0.0994373253125687, 1.9419223740935734, 0.6301104619361884, -0.6967794341072058, 0.3923232535907351, 0.09530212503834377, 6.549267696759632]
INFO:root:opted camera 3 params: [1009.5736528117195, 501.35104981379527, 498.1556490357842, -0.203285604779552, 0.10261895710051923, 0.696982957279971, 2.3004641360030167, -0.7589049797177355, -0.7161217733805793, -2.009134048639062, 6.2157525400823115]
INFO:root:opted camera 4 params: [990.2837896155528, 507.55112569606695, 495.786922243132, -0.19643691630022703, 0.09924406097630896, 0.7507284563404679, -2.4114537989531155, 0.7326254579003469, 0.74015628906016, -1.9693851996488112, 6.055786710861446]
